Build started 3/26/2017 12:07:39 PM.
     1>Project "D:\Projects\cFace\cFace\cFace.vcxproj" on node 2 (Rebuild target(s)).
     1>CudaClean:
         cmd.exe /C "C:\Users\Dell\AppData\Local\Temp\tmpbdb35940663b45d8b8a02752d8920a63.cmd"
         "C:\Program Files\NVIDIA GPU Computing Toolkit\CUDA\v7.0\bin\nvcc.exe" -ccbin "C:\Program Files (x86)\Microsoft Visual Studio 11.0\VC\bin"  -I"C:\Program Files\NVIDIA GPU Computing Toolkit\CUDA\v7.0\include" -I"C:\Program Files\NVIDIA GPU Computing Toolkit\CUDA\v7.0\include"  -G   --keep-dir Debug -maxrregcount=0  --machine 32 --compile   -g   -DWIN32 -D_DEBUG -D_CONSOLE -D_MBCS -Xcompiler "/EHsc /W3 /nologo /Od /Zi /RTC1 /MDd  " -o Debug\kernel.cu.obj "D:\Projects\cFace\cFace\kernel.cu" -clean
         
         D:\Projects\cFace\cFace>"C:\Program Files\NVIDIA GPU Computing Toolkit\CUDA\v7.0\bin\nvcc.exe" -ccbin "C:\Program Files (x86)\Microsoft Visual Studio 11.0\VC\bin"  -I"C:\Program Files\NVIDIA GPU Computing Toolkit\CUDA\v7.0\include" -I"C:\Program Files\NVIDIA GPU Computing Toolkit\CUDA\v7.0\include"  -G   --keep-dir Debug -maxrregcount=0  --machine 32 --compile   -g   -DWIN32 -D_DEBUG -D_CONSOLE -D_MBCS -Xcompiler "/EHsc /W3 /nologo /Od /Zi /RTC1 /MDd  " -o Debug\kernel.cu.obj "D:\Projects\cFace\cFace\kernel.cu" -clean 
         kernel.cu
       AddCudaCompileDeps:
         C:\Program Files (x86)\Microsoft Visual Studio 11.0\VC\bin\cl.exe /E /nologo /showIncludes /TP /D__CUDACC__ /DWIN32 /D_DEBUG /D_CONSOLE /D_MBCS /I"C:\Program Files\NVIDIA GPU Computing Toolkit\CUDA\v7.0\include" /I"C:\Program Files\NVIDIA GPU Computing Toolkit\CUDA\v7.0\bin" /I"C:\Program Files\NVIDIA GPU Computing Toolkit\CUDA\v7.0\include" /I. /FIcuda_runtime.h /c D:\Projects\cFace\cFace\kernel.cu 
       CudaBuild:
         Compiling CUDA source file kernel.cu...
         cmd.exe /C "C:\Users\Dell\AppData\Local\Temp\tmp56e1f4a5a38449d6844629d4b2694c69.cmd"
         "C:\Program Files\NVIDIA GPU Computing Toolkit\CUDA\v7.0\bin\nvcc.exe" -gencode=arch=compute_20,code=\"sm_20,compute_20\" --use-local-env --cl-version 2012 -ccbin "C:\Program Files (x86)\Microsoft Visual Studio 11.0\VC\bin"  -I"C:\Program Files\NVIDIA GPU Computing Toolkit\CUDA\v7.0\include" -I"C:\Program Files\NVIDIA GPU Computing Toolkit\CUDA\v7.0\include"  -G   --keep-dir Debug -maxrregcount=0  --machine 32 --compile -cudart static  -g   -DWIN32 -D_DEBUG -D_CONSOLE -D_MBCS -Xcompiler "/EHsc /W3 /nologo /Od /Zi /RTC1 /MDd  " -o Debug\kernel.cu.obj "D:\Projects\cFace\cFace\kernel.cu"
         
         D:\Projects\cFace\cFace>"C:\Program Files\NVIDIA GPU Computing Toolkit\CUDA\v7.0\bin\nvcc.exe" -gencode=arch=compute_20,code=\"sm_20,compute_20\" --use-local-env --cl-version 2012 -ccbin "C:\Program Files (x86)\Microsoft Visual Studio 11.0\VC\bin"  -I"C:\Program Files\NVIDIA GPU Computing Toolkit\CUDA\v7.0\include" -I"C:\Program Files\NVIDIA GPU Computing Toolkit\CUDA\v7.0\include"  -G   --keep-dir Debug -maxrregcount=0  --machine 32 --compile -cudart static  -g   -DWIN32 -D_DEBUG -D_CONSOLE -D_MBCS -Xcompiler "/EHsc /W3 /nologo /Od /Zi /RTC1 /MDd  " -o Debug\kernel.cu.obj "D:\Projects\cFace\cFace\kernel.cu" 
     1>D:/Projects/cFace/cFace/kernel.cu(181): warning : variable "output" was declared but never referenced
     1>D:/Projects/cFace/cFace/kernel.cu(481): warning : variable "sc" was declared but never referenced
     1>D:/Projects/cFace/cFace/kernel.cu(484): warning : variable "sizeEachSample" was declared but never referenced
     1>D:/Projects/cFace/cFace/kernel.cu(181): warning : variable "output" was declared but never referenced
     1>D:/Projects/cFace/cFace/kernel.cu(481): warning : variable "sc" was declared but never referenced
     1>D:/Projects/cFace/cFace/kernel.cu(484): warning : variable "sizeEachSample" was declared but never referenced
         kernel.cu
     1>D:/Projects/cFace/cFace/kernel.cu(181): warning C4101: 'output' : unreferenced local variable
     1>D:/Projects/cFace/cFace/kernel.cu(262): warning C4305: 'argument' : truncation from 'double' to 'float'
     1>D:/Projects/cFace/cFace/kernel.cu(376): warning C4244: '=' : conversion from 'long double' to 'float', possible loss of data
     1>D:/Projects/cFace/cFace/kernel.cu(481): warning C4244: 'initializing' : conversion from 'double' to 'int', possible loss of data
     1>C:\Program Files (x86)\Microsoft Visual Studio 11.0\VC\include\xutility(2176): warning C4996: 'std::_Copy_impl': Function call with parameters that may be unsafe - this call relies on the caller to check that the passed values are correct. To disable this warning, use -D_SCL_SECURE_NO_WARNINGS. See documentation on how to use Visual C++ 'Checked Iterators'
                 C:\Program Files (x86)\Microsoft Visual Studio 11.0\VC\include\xutility(2157) : see declaration of 'std::_Copy_impl'
                 D:/Projects/cFace/cFace/kernel.cu(211) : see reference to function template instantiation '_OutIt std::copy<float*,float*>(_InIt,_InIt,_OutIt)' being compiled
                 with
                 [
                     _OutIt=float *,
                     _InIt=float *
                 ]
       ClCompile:
         C:\Program Files (x86)\Microsoft Visual Studio 11.0\VC\bin\CL.exe /c /I"C:\Program Files\NVIDIA GPU Computing Toolkit\CUDA\v7.0\include" /ZI /nologo /W3 /WX- /Od /Oy- /D WIN32 /D _DEBUG /D _CONSOLE /D _MBCS /Gm /EHsc /RTC1 /MDd /GS /fp:precise /Zc:wchar_t /Zc:forScope /Fo"Debug\\" /Fd"Debug\vc110.pdb" /Gd /TP /analyze- /errorReport:prompt imgEigenImp.cpp
         imgEigenImp.cpp
     1>d:\projects\cface\cface\imgeigenimp.cpp(4): warning C4067: unexpected tokens following preprocessor directive - expected a newline
     1>d:\projects\cface\cface\imgeigenimp.cpp(44): warning C4996: 'strcpy': This function or variable may be unsafe. Consider using strcpy_s instead. To disable deprecation, use _CRT_SECURE_NO_WARNINGS. See online help for details.
                 c:\program files (x86)\microsoft visual studio 11.0\vc\include\string.h(110) : see declaration of 'strcpy'
     1>d:\projects\cface\cface\imgeigenimp.cpp(58): warning C4996: 'strcpy': This function or variable may be unsafe. Consider using strcpy_s instead. To disable deprecation, use _CRT_SECURE_NO_WARNINGS. See online help for details.
                 c:\program files (x86)\microsoft visual studio 11.0\vc\include\string.h(110) : see declaration of 'strcpy'
     1>d:\projects\cface\cface\imgeigenimp.cpp(59): warning C4996: 'strcat': This function or variable may be unsafe. Consider using strcat_s instead. To disable deprecation, use _CRT_SECURE_NO_WARNINGS. See online help for details.
                 c:\program files (x86)\microsoft visual studio 11.0\vc\include\string.h(115) : see declaration of 'strcat'
     1>d:\projects\cface\cface\imgeigenimp.cpp(130): warning C4244: '=' : conversion from 'double' to 'float', possible loss of data
     1>d:\projects\cface\cface\imgeigenimp.cpp(146): warning C4244: '=' : conversion from 'double' to 'float', possible loss of data
     1>c:\program files (x86)\microsoft visual studio 11.0\vc\include\xutility(2176): warning C4996: 'std::_Copy_impl': Function call with parameters that may be unsafe - this call relies on the caller to check that the passed values are correct. To disable this warning, use -D_SCL_SECURE_NO_WARNINGS. See documentation on how to use Visual C++ 'Checked Iterators'
                 c:\program files (x86)\microsoft visual studio 11.0\vc\include\xutility(2157) : see declaration of 'std::_Copy_impl'
                 d:\projects\cface\cface\imgeigenimp.cpp(62) : see reference to function template instantiation '_OutIt std::copy<float*,float*>(_InIt,_InIt,_OutIt)' being compiled
                 with
                 [
                     _OutIt=float *,
                     _InIt=float *
                 ]
       Link:
         C:\Program Files (x86)\Microsoft Visual Studio 11.0\VC\bin\link.exe /ERRORREPORT:PROMPT /OUT:"D:\Projects\cFace\Debug\cFace.exe" /INCREMENTAL:NO /NOLOGO /LIBPATH:"C:\Program Files\NVIDIA GPU Computing Toolkit\CUDA\v7.0\lib\Win32" cudart.lib kernel32.lib user32.lib gdi32.lib winspool.lib comdlg32.lib advapi32.lib shell32.lib ole32.lib oleaut32.lib uuid.lib odbc32.lib odbccp32.lib kernel32.lib user32.lib gdi32.lib winspool.lib comdlg32.lib advapi32.lib shell32.lib ole32.lib oleaut32.lib uuid.lib odbc32.lib odbccp32.lib /MANIFEST /MANIFESTUAC:"level='asInvoker' uiAccess='false'" /manifest:embed /DEBUG /PDB:"D:\Projects\cFace\Debug\cFace.pdb" /SUBSYSTEM:CONSOLE /TLBID:1 /DYNAMICBASE /NXCOMPAT /IMPLIB:"D:\Projects\cFace\Debug\cFace.lib" /MACHINE:X86 Debug\kernel.cu.obj
         Debug\imgEigenImp.obj
     1>imgEigenImp.obj : warning LNK4075: ignoring '/EDITANDCONTINUE' due to '/OPT:LBR' specification
         cFace.vcxproj -> D:\Projects\cFace\Debug\cFace.exe
       PostBuildEvent:
         echo copy "C:\Program Files\NVIDIA GPU Computing Toolkit\CUDA\v7.0\bin\cudart*.dll" "D:\Projects\cFace\Debug\"
         copy "C:\Program Files\NVIDIA GPU Computing Toolkit\CUDA\v7.0\bin\cudart*.dll" "D:\Projects\cFace\Debug\"
         :VCEnd
         copy "C:\Program Files\NVIDIA GPU Computing Toolkit\CUDA\v7.0\bin\cudart*.dll" "D:\Projects\cFace\Debug\"
         C:\Program Files\NVIDIA GPU Computing Toolkit\CUDA\v7.0\bin\cudart32_70.dll
         C:\Program Files\NVIDIA GPU Computing Toolkit\CUDA\v7.0\bin\cudart64_70.dll
                 2 file(s) copied.
     1>Done Building Project "D:\Projects\cFace\cFace\cFace.vcxproj" (Rebuild target(s)).

Build succeeded.

Time Elapsed 00:00:18.17
